[debug] [2022-02-08T18:57:29.493Z] ----------------------------------------------------------------------
[debug] [2022-02-08T18:57:29.496Z] Command:       C:\Program Files\nodejs\node.exe C:\Users\RAFAY\AppData\Roaming\npm\node_modules\firebase-tools\lib\bin\firebase.js init
[debug] [2022-02-08T18:57:29.497Z] CLI Version:   10.1.5
[debug] [2022-02-08T18:57:29.497Z] Platform:      win32
[debug] [2022-02-08T18:57:29.497Z] Node Version:  v16.13.2
[debug] [2022-02-08T18:57:29.499Z] Time:          Tue Feb 08 2022 23:57:29 GMT+0500 (Pakistan Standard Time)
[debug] [2022-02-08T18:57:29.499Z] ----------------------------------------------------------------------
[debug] 
[debug] [2022-02-08T18:57:29.514Z] > command requires scopes: ["email","openid","https://www.googleapis.com/auth/cloudplatformprojects.readonly","https://www.googleapis.com/auth/firebase","https://www.googleapis.com/auth/cloud-platform"]
[debug] [2022-02-08T18:57:29.514Z] > authorizing via signed-in user (hussainjazib110@gmail.com)
[info] 
     ######## #### ########  ######## ########     ###     ######  ########
     ##        ##  ##     ## ##       ##     ##  ##   ##  ##       ##
     ######    ##  ########  ######   ########  #########  ######  ######
     ##        ##  ##    ##  ##       ##     ## ##     ##       ## ##
     ##       #### ##     ## ######## ########  ##     ##  ######  ########

You're about to initialize a Firebase project in this directory:

  D:\jazib new\Assignment\Assignment 8

[info] 
=== Project Setup
[info] 
[info] First, let's associate this project directory with a Firebase project.
[info] You can create multiple project aliases by running firebase use --add, 
[info] but for now we'll just set up a default project.
[info] 
[debug] [2022-02-08T18:59:41.549Z] >>> [apiv2][query] GET https://firebase.googleapis.com/v1beta1/projects pageSize=100
[debug] [2022-02-08T18:59:42.221Z] <<< [apiv2][status] GET https://firebase.googleapis.com/v1beta1/projects 200
[debug] [2022-02-08T18:59:42.221Z] <<< [apiv2][body] GET https://firebase.googleapis.com/v1beta1/projects [omitted]
[info] i  Using project assignment8bmj (Assignment8BMJ) 
[info] 
=== Hosting Setup
[info] 
[info] Your public directory is the folder (relative to your project directory) that
[info] will contain Hosting assets to be uploaded with firebase deploy. If you
[info] have a build process for your assets, use your build's output directory.
[info] 
